<?xml version="1.0" encoding="UTF-8"?>
<testsuite xmlns:xsi="http://www.w3.org/2001/XMLSchema-instance" xsi:noNamespaceSchemaLocation="https://maven.apache.org/surefire/maven-surefire-plugin/xsd/surefire-test-report.xsd" version="3.0.2" name="com.example.orderapp.OrderappApplicationTests" time="0.801" tests="1" errors="0" skipped="0" failures="0" flakes="0">
  <properties>
[...]
</properties>
  <testcase name="contextLoads" classname="com.example.orderapp.OrderappApplicationTests" time="0.286">
    <system-out><![CDATA[19:14:05.475 [main] INFO org.springframework.test.context.support.AnnotationConfigContextLoaderUtils -- Could not detect default configuration classes for test class [com.example.orderapp.OrderappApplicationTests]: OrderappApplicationTests does not declare any static, non-private, non-final, nested classes annotated with @Configuration.
19:14:05.505 [main] INFO org.springframework.boot.test.context.SpringBootTestContextBootstrapper -- Found @SpringBootConfiguration com.example.orderapp.OrderappApplication for test class com.example.orderapp.OrderappApplicationTests
19:14:05.531 [main] INFO org.springframework.test.context.support.AnnotationConfigContextLoaderUtils -- Could not detect default configuration classes for test class [com.example.orderapp.OrderappApplicationTests]: OrderappApplicationTests does not declare any static, non-private, non-final, nested classes annotated with @Configuration.
19:14:05.532 [main] INFO org.springframework.boot.test.context.SpringBootTestContextBootstrapper -- Found @SpringBootConfiguration com.example.orderapp.OrderappApplication for test class com.example.orderapp.OrderappApplicationTests

  .   ____          _            __ _ _
 /\\ / ___'_ __ _ _(_)_ __  __ _ \ \ \ \
( ( )\___ | '_ | '_| | '_ \/ _` | \ \ \ \
 \\/  ___)| |_)| | | | | || (_| |  ) ) ) )
  '  |____| .__|_| |_|_| |_\__, | / / / /
 =========|_|==============|___/=/_/_/_/

 :: Spring Boot ::                (v4.1.0)

2026-06-13T19:14:05.651+05:30  INFO 4545 --- [           main] c.e.orderapp.OrderappApplicationTests    : Starting OrderappApplicationTests using Java 25.0.2 with PID 4545 (started by ashvini in /Volumes/SoftwareHive/WORK/STSWorkspace/order-app)
2026-06-13T19:14:05.651+05:30 DEBUG 4545 --- [           main] c.e.orderapp.OrderappApplicationTests    : Running with Spring Boot v4.1.0, Spring v7.0.8
2026-06-13T19:14:05.651+05:30  INFO 4545 --- [           main] c.e.orderapp.OrderappApplicationTests    : No active profile set, falling back to 1 default profile: "local"
2026-06-13T19:14:05.958+05:30  INFO 4545 --- [           main] c.e.orderapp.OrderappApplicationTests    : Started OrderappApplicationTests in 0.408 seconds (process running for 0.733)
]]></system-out>
    <system-err><![CDATA[Mockito is currently self-attaching to enable the inline-mock-maker. This will no longer work in future releases of the JDK. Please add Mockito as an agent to your build as described in Mockito's documentation: https://javadoc.io/doc/org.mockito/mockito-core/latest/org.mockito/org/mockito/Mockito.html#0.3
WARNING: A Java agent has been loaded dynamically (/Users/ashvini/.m2/repository/net/bytebuddy/byte-buddy-agent/1.18.10/byte-buddy-agent-1.18.10.jar)
WARNING: If a serviceability tool is in use, please run with -XX:+EnableDynamicAgentLoading to hide this warning
WARNING: If a serviceability tool is not in use, please run with -Djdk.instrument.traceUsage for more information
WARNING: Dynamic loading of agents will be disallowed by default in a future release
]]></system-err>
  </testcase>
</testsuite>